<?xml version="1.0" encoding="UTF-8"?>
<!-- Generated by org.testng.reporters.JUnitXMLReporter -->
<testsuite ignored="2" hostname="XAV-601000685" failures="0" tests="50" name="CapacityManagerTest" time="3.533" errors="0" timestamp="20 Mar 2023 07:11:25 GMT">
  <testcase classname="com.wfm.core.BaseConfiguration" name="@BeforeClass setup" time="3.417">
    <failure type="org.openqa.selenium.WebDriverException" message="Cannot invoke &amp;quot;Object.toString()&amp;quot; because &amp;quot;driver&amp;quot; is null
Build info: version: &amp;apos;3.14.0&amp;apos;, revision: &amp;apos;aacccce0&amp;apos;, time: &amp;apos;2018-08-02T20:19:58.91Z&amp;apos;
System info: host: &amp;apos;XAV-601000685&amp;apos;, ip: &amp;apos;192.168.29.127&amp;apos;, os.name: &amp;apos;Windows 10&amp;apos;, os.arch: &amp;apos;amd64&amp;apos;, os.version: &amp;apos;10.0&amp;apos;, java.version: &amp;apos;17.0.3&amp;apos;
Driver info: driver.version: unknown">
      <![CDATA[org.openqa.selenium.WebDriverException: Cannot invoke "Object.toString()" because "driver" is null
Build info: version: '3.14.0', revision: 'aacccce0', time: '2018-08-02T20:19:58.91Z'
System info: host: 'XAV-601000685', ip: '192.168.29.127', os.name: 'Windows 10', os.arch: 'amd64', os.version: '10.0', java.version: '17.0.3'
Driver info: driver.version: unknown
	at com.wfm.core.BaseConfiguration.setup(BaseConfiguration.java:87)
	at java.base/jdk.internal.reflect.NativeMethodAccessorImpl.invoke0(Native Method)
	at java.base/jdk.internal.reflect.NativeMethodAccessorImpl.invoke(NativeMethodAccessorImpl.java:77)
	at java.base/jdk.internal.reflect.DelegatingMethodAccessorImpl.invoke(DelegatingMethodAccessorImpl.java:43)
	at java.base/java.lang.reflect.Method.invoke(Method.java:568)
	at org.testng.internal.MethodInvocationHelper.invokeMethod(MethodInvocationHelper.java:108)
	at org.testng.internal.Invoker.invokeConfigurationMethod(Invoker.java:523)
	at org.testng.internal.Invoker.invokeConfigurations(Invoker.java:224)
	at org.testng.internal.Invoker.invokeConfigurations(Invoker.java:146)
	at org.testng.internal.TestMethodWorker.invokeBeforeClassMethods(TestMethodWorker.java:166)
	at org.testng.internal.TestMethodWorker.run(TestMethodWorker.java:105)
	at org.testng.TestRunner.privateRun(TestRunner.java:744)
	at org.testng.TestRunner.run(TestRunner.java:602)
	at org.testng.SuiteRunner.runTest(SuiteRunner.java:380)
	at org.testng.SuiteRunner.runSequentially(SuiteRunner.java:375)
	at org.testng.SuiteRunner.privateRun(SuiteRunner.java:340)
	at org.testng.SuiteRunner.run(SuiteRunner.java:289)
	at org.testng.SuiteRunnerWorker.runSuite(SuiteRunnerWorker.java:52)
	at org.testng.SuiteRunnerWorker.run(SuiteRunnerWorker.java:86)
	at org.testng.TestNG.runSuitesSequentially(TestNG.java:1301)
	at org.testng.TestNG.runSuitesLocally(TestNG.java:1226)
	at org.testng.TestNG.runSuites(TestNG.java:1144)
	at org.testng.TestNG.run(TestNG.java:1115)
	at com.wfm.core.DynamicSuiteRunner.genrateTestNGAndRun(DynamicSuiteRunner.java:180)
	at com.wfm.core.DynamicSuiteRunner.main(DynamicSuiteRunner.java:66)
	at java.base/jdk.internal.reflect.NativeMethodAccessorImpl.invoke0(Native Method)
	at java.base/jdk.internal.reflect.NativeMethodAccessorImpl.invoke(NativeMethodAccessorImpl.java:77)
	at java.base/jdk.internal.reflect.DelegatingMethodAccessorImpl.invoke(DelegatingMethodAccessorImpl.java:43)
	at java.base/java.lang.reflect.Method.invoke(Method.java:568)
	at org.codehaus.mojo.exec.ExecJavaMojo$1.run(ExecJavaMojo.java:282)
	at java.base/java.lang.Thread.run(Thread.java:833)
]]>
    </failure>
  </testcase> <!-- @BeforeClass setup -->
  <testcase classname="com.wfm.tests.web.CapacityManagerTest" name="ensure_timeslot_percentQuota_02Category_to_50Percent" time="0.0">
    <skipped/>
  </testcase> <!-- ensure_timeslot_percentQuota_02Category_to_50Percent -->
  <testcase classname="com.wfm.tests.web.CapacityManagerTest" name="quota_history_excel_download" time="0.0">
    <skipped/>
  </testcase> <!-- quota_history_excel_download -->
  <testcase classname="com.wfm.tests.web.CapacityManagerTest" name="recurring_autofill_window_saved_properly" time="0.0">
    <skipped/>
  </testcase> <!-- recurring_autofill_window_saved_properly -->
  <testcase classname="com.wfm.tests.web.CapacityManagerTest" name="filter_quota_history" time="0.0">
    <skipped/>
  </testcase> <!-- filter_quota_history -->
  <testcase classname="com.wfm.tests.web.CapacityManagerTest" name="close_all_capacity_categories_for_the_entire_day" time="0.0">
    <skipped/>
  </testcase> <!-- close_all_capacity_categories_for_the_entire_day -->
  <testcase classname="com.wfm.tests.web.CapacityManagerTest" name="close1_CapacityCategory_4HourAM_TimeSlot" time="0.0">
    <skipped/>
  </testcase> <!-- close1_CapacityCategory_4HourAM_TimeSlot -->
  <testcase classname="com.wfm.tests.web.CapacityManagerTest" name="close1_CapacityCategory_4HourPM_TimeSlot" time="0.0">
    <skipped/>
  </testcase> <!-- close1_CapacityCategory_4HourPM_TimeSlot -->
  <testcase classname="com.wfm.tests.web.CapacityManagerTest" name="close_1_capacity_category_4_hour_AM_time_slot" time="0.0">
    <skipped/>
  </testcase> <!-- close_1_capacity_category_4_hour_AM_time_slot -->
  <testcase classname="com.wfm.tests.web.CapacityManagerTest" name="close_1_capacity_category_4_hour_PM_time_slot" time="0.0">
    <skipped/>
  </testcase> <!-- close_1_capacity_category_4_hour_PM_time_slot -->
  <testcase classname="com.wfm.tests.web.CapacityManagerTest" name="closeAndSave_all_capacity_category_4_hour_AM_time_slot" time="0.0">
    <skipped/>
  </testcase> <!-- closeAndSave_all_capacity_category_4_hour_AM_time_slot -->
  <testcase classname="com.wfm.tests.web.CapacityManagerTest" name="closeall_CapacityCategory_4HourPM_TimeSlot" time="0.0">
    <skipped/>
  </testcase> <!-- closeall_CapacityCategory_4HourPM_TimeSlot -->
  <testcase classname="com.wfm.tests.web.CapacityManagerTest" name="close_all_capacity_category_4_hour_AM_time_slot" time="0.0">
    <skipped/>
  </testcase> <!-- close_all_capacity_category_4_hour_AM_time_slot -->
  <testcase classname="com.wfm.tests.web.CapacityManagerTest" name="close_all_capacity_category_4_hour_PM_time_slot" time="0.0">
    <skipped/>
  </testcase> <!-- close_all_capacity_category_4_hour_PM_time_slot -->
  <testcase classname="com.wfm.tests.web.CapacityManagerTest" name="close1_CapacityCategory_2HourAM_TimeSlot" time="0.0">
    <skipped/>
  </testcase> <!-- close1_CapacityCategory_2HourAM_TimeSlot -->
  <testcase classname="com.wfm.tests.web.CapacityManagerTest" name="close_1_capacity_category_for_2_hour_pm_time_slot" time="0.0">
    <skipped/>
  </testcase> <!-- close_1_capacity_category_for_2_hour_pm_time_slot -->
  <testcase classname="com.wfm.tests.web.CapacityManagerTest" name="searching_for_Booked_Activities" time="0.0">
    <skipped/>
  </testcase> <!-- searching_for_Booked_Activities -->
  <testcase classname="com.wfm.tests.web.CapacityManagerTest" name="percent_to_stop_booking_at_column_view" time="0.0">
    <skipped/>
  </testcase> <!-- percent_to_stop_booking_at_column_view -->
  <testcase classname="com.wfm.tests.web.CapacityManagerTest" name="minimum_quota_save" time="0.0">
    <skipped/>
  </testcase> <!-- minimum_quota_save -->
  <testcase classname="com.wfm.tests.web.CapacityManagerTest" name="minimum_quota_discard" time="0.0">
    <skipped/>
  </testcase> <!-- minimum_quota_discard -->
  <testcase classname="com.wfm.tests.web.CapacityManagerTest" name="mass_populate_copy_day_to_day_save" time="0.0">
    <skipped/>
  </testcase> <!-- mass_populate_copy_day_to_day_save -->
  <testcase classname="com.wfm.tests.web.CapacityManagerTest" name="mass_populate_copy_day_to_day_discard" time="0.0">
    <skipped/>
  </testcase> <!-- mass_populate_copy_day_to_day_discard -->
  <testcase classname="com.wfm.tests.web.CapacityManagerTest" name="mass_populate_copy_day_to_day_booking_status" time="0.0">
    <skipped/>
  </testcase> <!-- mass_populate_copy_day_to_day_booking_status -->
  <testcase classname="com.wfm.tests.web.CapacityManagerTest" name="mass_populate_copy_day_to_day_booking_status_discard" time="0.001">
    <skipped/>
  </testcase> <!-- mass_populate_copy_day_to_day_booking_status_discard -->
  <testcase classname="com.wfm.tests.web.CapacityManagerTest" name="mass_populate_copy_week_to_week_save" time="0.0">
    <skipped/>
  </testcase> <!-- mass_populate_copy_week_to_week_save -->
  <testcase classname="com.wfm.tests.web.CapacityManagerTest" name="mass_populate_copy_week_to_week_discard" time="0.0">
    <skipped/>
  </testcase> <!-- mass_populate_copy_week_to_week_discard -->
  <testcase classname="com.wfm.tests.web.CapacityManagerTest" name="mass_populate_shift_forward_by_one_day_save" time="0.0">
    <skipped/>
  </testcase> <!-- mass_populate_shift_forward_by_one_day_save -->
  <testcase classname="com.wfm.tests.web.CapacityManagerTest" name="mass_populate_shift_forward_by_one_day_discard" time="0.0">
    <skipped/>
  </testcase> <!-- mass_populate_shift_forward_by_one_day_discard -->
  <testcase classname="com.wfm.tests.web.CapacityManagerTest" name="mass_populate_shift_forward_by_one_day_booking_status" time="0.0">
    <skipped/>
  </testcase> <!-- mass_populate_shift_forward_by_one_day_booking_status -->
  <testcase classname="com.wfm.tests.web.CapacityManagerTest" name="mass_populate_shift_forward_by_one_day_booking_status_discard" time="0.0">
    <skipped/>
  </testcase> <!-- mass_populate_shift_forward_by_one_day_booking_status_discard -->
  <testcase classname="com.wfm.tests.web.CapacityManagerTest" name="mass_populate_shift_backward_by_one_day_save" time="0.0">
    <skipped/>
  </testcase> <!-- mass_populate_shift_backward_by_one_day_save -->
  <testcase classname="com.wfm.tests.web.CapacityManagerTest" name="mass_populate_shift_backward_by_one_day_discard" time="0.0">
    <skipped/>
  </testcase> <!-- mass_populate_shift_backward_by_one_day_discard -->
  <testcase classname="com.wfm.tests.web.CapacityManagerTest" name="mass_populate_shift_backward_by_one_day_booking_status_save" time="0.0">
    <skipped/>
  </testcase> <!-- mass_populate_shift_backward_by_one_day_booking_status_save -->
  <testcase classname="com.wfm.tests.web.CapacityManagerTest" name="mass_populate_shift_backward_by_one_day_booking_status_discard" time="0.0">
    <skipped/>
  </testcase> <!-- mass_populate_shift_backward_by_one_day_booking_status_discard -->
  <testcase classname="com.wfm.tests.web.CapacityManagerTest" name="mass_populate_next_day_value_save" time="0.0">
    <skipped/>
  </testcase> <!-- mass_populate_next_day_value_save -->
  <testcase classname="com.wfm.tests.web.CapacityManagerTest" name="mass_populate_next_day_value_discard" time="0.0">
    <skipped/>
  </testcase> <!-- mass_populate_next_day_value_discard -->
  <testcase classname="com.wfm.tests.web.CapacityManagerTest" name="mass_populate_estimate_future_values_based_on_past_data_save" time="0.0">
    <skipped/>
  </testcase> <!-- mass_populate_estimate_future_values_based_on_past_data_save -->
  <testcase classname="com.wfm.tests.web.CapacityManagerTest" name="mass_populate_estimate_future_values_based_on_past_data_discard" time="0.0">
    <skipped/>
  </testcase> <!-- mass_populate_estimate_future_values_based_on_past_data_discard -->
  <testcase classname="com.wfm.tests.web.CapacityManagerTest" name="mass_populate_estimate_future_values_based_on_past_data_wtw_save" time="0.0">
    <skipped/>
  </testcase> <!-- mass_populate_estimate_future_values_based_on_past_data_wtw_save -->
  <testcase classname="com.wfm.tests.web.CapacityManagerTest" name="mass_populate_estimate_future_values_based_on_past_data_wtw_discard" time="0.0">
    <skipped/>
  </testcase> <!-- mass_populate_estimate_future_values_based_on_past_data_wtw_discard -->
  <testcase classname="com.wfm.tests.web.CapacityManagerTest" name="everysunday_value_saved_properly_in_recurring_autofill_window" time="0.0">
    <skipped/>
  </testcase> <!-- everysunday_value_saved_properly_in_recurring_autofill_window -->
  <testcase classname="com.wfm.tests.web.CapacityManagerTest" name="ensure_AM_percentQuota_03Category_to_50Percent" time="0.0">
    <skipped/>
  </testcase> <!-- ensure_AM_percentQuota_03Category_to_50Percent -->
  <testcase classname="com.wfm.tests.web.CapacityManagerTest" name="capacity_buckets_shown_without_zeroes_in_resource_tree" time="0.0">
    <skipped/>
  </testcase> <!-- capacity_buckets_shown_without_zeroes_in_resource_tree -->
  <testcase classname="com.wfm.tests.web.CapacityManagerTest" name="save_Confirmation_Displayed" time="0.0">
    <skipped/>
  </testcase> <!-- save_Confirmation_Displayed -->
  <testcase classname="com.wfm.tests.web.CapacityManagerTest" name="view_Function" time="0.0">
    <skipped/>
  </testcase> <!-- view_Function -->
  <testcase classname="com.wfm.tests.web.CapacityManagerTest" name="close_1_capacity_category_for_2hour_AM_timeslot" time="0.001">
    <skipped/>
  </testcase> <!-- close_1_capacity_category_for_2hour_AM_timeslot -->
  <testcase classname="com.wfm.tests.web.CapacityManagerTest" name="close_capacity_category_for_12_2_PM_Time_Slot_discard" time="0.0">
    <skipped/>
  </testcase> <!-- close_capacity_category_for_12_2_PM_Time_Slot_discard -->
  <testcase classname="com.wfm.tests.web.CapacityManagerTest" name="close_capacity_category_for_AM_Time_Slot_save" time="0.0">
    <skipped/>
  </testcase> <!-- close_capacity_category_for_AM_Time_Slot_save -->
  <testcase classname="com.wfm.tests.web.CapacityManagerTest" name="close_capacity_category_for_PM_Time_Slot_save" time="0.0">
    <skipped/>
  </testcase> <!-- close_capacity_category_for_PM_Time_Slot_save -->
  <testcase classname="com.wfm.tests.web.CapacityManagerTest" name="close_capacity_category_for_08_10_AM_Time_Slot_discard" time="0.0">
    <skipped/>
  </testcase> <!-- close_capacity_category_for_08_10_AM_Time_Slot_discard -->
  <testcase classname="com.wfm.tests.web.CapacityManagerTest" name="close_capacity_category_for_PM_Time_Slot_discard" time="0.0">
    <skipped/>
  </testcase> <!-- close_capacity_category_for_PM_Time_Slot_discard -->
  <testcase classname="com.wfm.tests.web.CapacityManagerTest" name="used_quota_calculates_correctly" time="0.0">
    <ignored/>
  </testcase> <!-- used_quota_calculates_correctly -->
  <testcase classname="com.wfm.tests.web.CapacityManagerTest" name="quota_verification" time="0.0">
    <ignored/>
  </testcase> <!-- quota_verification -->
</testsuite> <!-- CapacityManagerTest -->
