<?xml version="1.0" encoding="UTF-8"?>
<!-- Generated by org.testng.reporters.JUnitXMLReporter -->
<testsuite ignored="5" hostname="XAV-601000685" failures="0" tests="24" name="CommandCenterTest" time="2.119" errors="0" timestamp="20 Mar 2023 07:11:27 GMT">
  <testcase classname="com.wfm.core.BaseConfiguration" name="@BeforeClass setup" time="2.052">
    <failure type="org.openqa.selenium.WebDriverException" message="Cannot invoke &amp;quot;Object.toString()&amp;quot; because &amp;quot;driver&amp;quot; is null
Build info: version: &amp;apos;3.14.0&amp;apos;, revision: &amp;apos;aacccce0&amp;apos;, time: &amp;apos;2018-08-02T20:19:58.91Z&amp;apos;
System info: host: &amp;apos;XAV-601000685&amp;apos;, ip: &amp;apos;192.168.29.127&amp;apos;, os.name: &amp;apos;Windows 10&amp;apos;, os.arch: &amp;apos;amd64&amp;apos;, os.version: &amp;apos;10.0&amp;apos;, java.version: &amp;apos;17.0.3&amp;apos;
Driver info: driver.version: unknown">
      <![CDATA[org.openqa.selenium.WebDriverException: Cannot invoke "Object.toString()" because "driver" is null
Build info: version: '3.14.0', revision: 'aacccce0', time: '2018-08-02T20:19:58.91Z'
System info: host: 'XAV-601000685', ip: '192.168.29.127', os.name: 'Windows 10', os.arch: 'amd64', os.version: '10.0', java.version: '17.0.3'
Driver info: driver.version: unknown
	at com.wfm.core.BaseConfiguration.setup(BaseConfiguration.java:87)
	at java.base/jdk.internal.reflect.NativeMethodAccessorImpl.invoke0(Native Method)
	at java.base/jdk.internal.reflect.NativeMethodAccessorImpl.invoke(NativeMethodAccessorImpl.java:77)
	at java.base/jdk.internal.reflect.DelegatingMethodAccessorImpl.invoke(DelegatingMethodAccessorImpl.java:43)
	at java.base/java.lang.reflect.Method.invoke(Method.java:568)
	at org.testng.internal.MethodInvocationHelper.invokeMethod(MethodInvocationHelper.java:108)
	at org.testng.internal.Invoker.invokeConfigurationMethod(Invoker.java:523)
	at org.testng.internal.Invoker.invokeConfigurations(Invoker.java:224)
	at org.testng.internal.Invoker.invokeConfigurations(Invoker.java:146)
	at org.testng.internal.TestMethodWorker.invokeBeforeClassMethods(TestMethodWorker.java:166)
	at org.testng.internal.TestMethodWorker.run(TestMethodWorker.java:105)
	at org.testng.TestRunner.privateRun(TestRunner.java:744)
	at org.testng.TestRunner.run(TestRunner.java:602)
	at org.testng.SuiteRunner.runTest(SuiteRunner.java:380)
	at org.testng.SuiteRunner.runSequentially(SuiteRunner.java:375)
	at org.testng.SuiteRunner.privateRun(SuiteRunner.java:340)
	at org.testng.SuiteRunner.run(SuiteRunner.java:289)
	at org.testng.SuiteRunnerWorker.runSuite(SuiteRunnerWorker.java:52)
	at org.testng.SuiteRunnerWorker.run(SuiteRunnerWorker.java:86)
	at org.testng.TestNG.runSuitesSequentially(TestNG.java:1301)
	at org.testng.TestNG.runSuitesLocally(TestNG.java:1226)
	at org.testng.TestNG.runSuites(TestNG.java:1144)
	at org.testng.TestNG.run(TestNG.java:1115)
	at com.wfm.core.DynamicSuiteRunner.genrateTestNGAndRun(DynamicSuiteRunner.java:180)
	at com.wfm.core.DynamicSuiteRunner.main(DynamicSuiteRunner.java:66)
	at java.base/jdk.internal.reflect.NativeMethodAccessorImpl.invoke0(Native Method)
	at java.base/jdk.internal.reflect.NativeMethodAccessorImpl.invoke(NativeMethodAccessorImpl.java:77)
	at java.base/jdk.internal.reflect.DelegatingMethodAccessorImpl.invoke(DelegatingMethodAccessorImpl.java:43)
	at java.base/java.lang.reflect.Method.invoke(Method.java:568)
	at org.codehaus.mojo.exec.ExecJavaMojo$1.run(ExecJavaMojo.java:282)
	at java.base/java.lang.Thread.run(Thread.java:833)
]]>
    </failure>
  </testcase> <!-- @BeforeClass setup -->
  <testcase classname="com.wfm.tests.web.CommandCenterTest" name="modify_technician_skills" time="0.0">
    <skipped/>
  </testcase> <!-- modify_technician_skills -->
  <testcase classname="com.wfm.tests.web.CommandCenterTest" name="mass_repeating_and_shift_activities_shown_on_time_view" time="0.0">
    <skipped/>
  </testcase> <!-- mass_repeating_and_shift_activities_shown_on_time_view -->
  <testcase classname="com.wfm.tests.web.CommandCenterTest" name="invalid_check_box_removal" time="0.0">
    <skipped/>
  </testcase> <!-- invalid_check_box_removal -->
  <testcase classname="com.wfm.tests.web.CommandCenterTest" name="ensure_spaces_between_data_in_work_order_search" time="0.001">
    <skipped/>
  </testcase> <!-- ensure_spaces_between_data_in_work_order_search -->
  <testcase classname="com.wfm.tests.web.CommandCenterTest" name="time_based_routing" time="0.0">
    <skipped/>
  </testcase> <!-- time_based_routing -->
  <testcase classname="com.wfm.tests.web.CommandCenterTest" name="perform_capacity_lookup" time="0.0">
    <skipped/>
  </testcase> <!-- perform_capacity_lookup -->
  <testcase classname="com.wfm.tests.web.CommandCenterTest" name="manually_run_routing" time="0.0">
    <skipped/>
  </testcase> <!-- manually_run_routing -->
  <testcase classname="com.wfm.tests.web.CommandCenterTest" name="rollback_routing" time="0.0">
    <skipped/>
  </testcase> <!-- rollback_routing -->
  <testcase classname="com.wfm.tests.web.CommandCenterTest" name="route_internal_technicians_only" time="0.0">
    <skipped/>
  </testcase> <!-- route_internal_technicians_only -->
  <testcase classname="com.wfm.tests.web.CommandCenterTest" name="routing_report" time="0.0">
    <skipped/>
  </testcase> <!-- routing_report -->
  <testcase classname="com.wfm.tests.web.CommandCenterTest" name="quota_changes_saved" time="0.0">
    <skipped/>
  </testcase> <!-- quota_changes_saved -->
  <testcase classname="com.wfm.tests.web.CommandCenterTest" name="routing_plan_filters_saved" time="0.0">
    <skipped/>
  </testcase> <!-- routing_plan_filters_saved -->
  <testcase classname="com.wfm.tests.web.CommandCenterTest" name="all_routing_profiles_available_for_cloning" time="0.0">
    <skipped/>
  </testcase> <!-- all_routing_profiles_available_for_cloning -->
  <testcase classname="com.wfm.tests.web.CommandCenterTest" name="geo_coding_work_orders" time="0.0">
    <skipped/>
  </testcase> <!-- geo_coding_work_orders -->
  <testcase classname="com.wfm.tests.web.CommandCenterTest" name="export_activitiy_technician_workbook" time="0.0">
    <skipped/>
  </testcase> <!-- export_activitiy_technician_workbook -->
  <testcase classname="com.wfm.tests.web.CommandCenterTest" name="routing_plan_summary_shows_correct_information" time="0.0">
    <skipped/>
  </testcase> <!-- routing_plan_summary_shows_correct_information -->
  <testcase classname="com.wfm.tests.web.CommandCenterTest" name="unassigned_activities_to_scheduled_pool" time="0.0">
    <skipped/>
  </testcase> <!-- unassigned_activities_to_scheduled_pool -->
  <testcase classname="com.wfm.tests.web.CommandCenterTest" name="travel_calculation_for_non_travel_activities" time="0.0">
    <skipped/>
  </testcase> <!-- travel_calculation_for_non_travel_activities -->
  <testcase classname="com.wfm.tests.web.CommandCenterTest" name="re_op_feature_that_prevents_previously_assigned_wos_from_being_assigned_back_to_the_bucket" time="0.0">
    <skipped/>
  </testcase> <!-- re_op_feature_that_prevents_previously_assigned_wos_from_being_assigned_back_to_the_bucket -->
  <testcase classname="com.wfm.tests.web.CommandCenterTest" name="move_work_order_to_another_car_verify_move_reason" time="0.0">
    <skipped/>
  </testcase> <!-- move_work_order_to_another_car_verify_move_reason -->
  <testcase classname="com.wfm.tests.web.CommandCenterTest" name="move_work_order_to_tech_verify_move_reasons" time="0.0">
    <skipped/>
  </testcase> <!-- move_work_order_to_tech_verify_move_reasons -->
  <testcase classname="com.wfm.tests.web.CommandCenterTest" name="move_work_order_tech_to_tech_verify_move_reasons" time="0.0">
    <skipped/>
  </testcase> <!-- move_work_order_tech_to_tech_verify_move_reasons -->
  <testcase classname="com.wfm.tests.web.CommandCenterTest" name="move_work_order_from_tech_to_car_verify_move_reasons" time="0.0">
    <skipped/>
  </testcase> <!-- move_work_order_from_tech_to_car_verify_move_reasons -->
  <testcase classname="com.wfm.tests.web.CommandCenterTest" name="screen_navigation_improvement" time="0.0">
    <skipped/>
  </testcase> <!-- screen_navigation_improvement -->
  <testcase classname="com.wfm.tests.web.CommandCenterTest" name="verify_priority_time_spent_and_left_on_execution_summary" time="0.0">
    <ignored/>
  </testcase> <!-- verify_priority_time_spent_and_left_on_execution_summary -->
  <testcase classname="com.wfm.tests.web.CommandCenterTest" name="verify_resource_start_time_stats_fields_is_not_displayed" time="0.0">
    <ignored/>
  </testcase> <!-- verify_resource_start_time_stats_fields_is_not_displayed -->
  <testcase classname="com.wfm.tests.web.CommandCenterTest" name="verify_activity_start_time_stats_fields_is_not_displayed" time="0.0">
    <ignored/>
  </testcase> <!-- verify_activity_start_time_stats_fields_is_not_displayed -->
  <testcase classname="com.wfm.tests.web.CommandCenterTest" name="total_line_removed" time="0.0">
    <ignored/>
  </testcase> <!-- total_line_removed -->
  <testcase classname="com.wfm.tests.web.CommandCenterTest" name="verify_oracle_field_service_on_configuration_and_reports" time="0.0">
    <ignored/>
  </testcase> <!-- verify_oracle_field_service_on_configuration_and_reports -->
</testsuite> <!-- CommandCenterTest -->
