<?xml version="1.0" encoding="UTF-8"?>
<!-- Generated by org.testng.reporters.JUnitXMLReporter -->
<testsuite ignored="8" hostname="XAV-601000685" failures="0" tests="59" name="FRCTest" time="1.641" errors="0" timestamp="20 Mar 2023 07:11:29 GMT">
  <testcase classname="com.wfm.core.BaseConfiguration" name="@BeforeClass setup" time="1.56">
    <failure type="org.openqa.selenium.WebDriverException" message="Cannot invoke &amp;quot;Object.toString()&amp;quot; because &amp;quot;driver&amp;quot; is null
Build info: version: &amp;apos;3.14.0&amp;apos;, revision: &amp;apos;aacccce0&amp;apos;, time: &amp;apos;2018-08-02T20:19:58.91Z&amp;apos;
System info: host: &amp;apos;XAV-601000685&amp;apos;, ip: &amp;apos;192.168.29.127&amp;apos;, os.name: &amp;apos;Windows 10&amp;apos;, os.arch: &amp;apos;amd64&amp;apos;, os.version: &amp;apos;10.0&amp;apos;, java.version: &amp;apos;17.0.3&amp;apos;
Driver info: driver.version: unknown">
      <![CDATA[org.openqa.selenium.WebDriverException: Cannot invoke "Object.toString()" because "driver" is null
Build info: version: '3.14.0', revision: 'aacccce0', time: '2018-08-02T20:19:58.91Z'
System info: host: 'XAV-601000685', ip: '192.168.29.127', os.name: 'Windows 10', os.arch: 'amd64', os.version: '10.0', java.version: '17.0.3'
Driver info: driver.version: unknown
	at com.wfm.core.BaseConfiguration.setup(BaseConfiguration.java:87)
	at java.base/jdk.internal.reflect.NativeMethodAccessorImpl.invoke0(Native Method)
	at java.base/jdk.internal.reflect.NativeMethodAccessorImpl.invoke(NativeMethodAccessorImpl.java:77)
	at java.base/jdk.internal.reflect.DelegatingMethodAccessorImpl.invoke(DelegatingMethodAccessorImpl.java:43)
	at java.base/java.lang.reflect.Method.invoke(Method.java:568)
	at org.testng.internal.MethodInvocationHelper.invokeMethod(MethodInvocationHelper.java:108)
	at org.testng.internal.Invoker.invokeConfigurationMethod(Invoker.java:523)
	at org.testng.internal.Invoker.invokeConfigurations(Invoker.java:224)
	at org.testng.internal.Invoker.invokeConfigurations(Invoker.java:146)
	at org.testng.internal.TestMethodWorker.invokeBeforeClassMethods(TestMethodWorker.java:166)
	at org.testng.internal.TestMethodWorker.run(TestMethodWorker.java:105)
	at org.testng.TestRunner.privateRun(TestRunner.java:744)
	at org.testng.TestRunner.run(TestRunner.java:602)
	at org.testng.SuiteRunner.runTest(SuiteRunner.java:380)
	at org.testng.SuiteRunner.runSequentially(SuiteRunner.java:375)
	at org.testng.SuiteRunner.privateRun(SuiteRunner.java:340)
	at org.testng.SuiteRunner.run(SuiteRunner.java:289)
	at org.testng.SuiteRunnerWorker.runSuite(SuiteRunnerWorker.java:52)
	at org.testng.SuiteRunnerWorker.run(SuiteRunnerWorker.java:86)
	at org.testng.TestNG.runSuitesSequentially(TestNG.java:1301)
	at org.testng.TestNG.runSuitesLocally(TestNG.java:1226)
	at org.testng.TestNG.runSuites(TestNG.java:1144)
	at org.testng.TestNG.run(TestNG.java:1115)
	at com.wfm.core.DynamicSuiteRunner.genrateTestNGAndRun(DynamicSuiteRunner.java:180)
	at com.wfm.core.DynamicSuiteRunner.main(DynamicSuiteRunner.java:66)
	at java.base/jdk.internal.reflect.NativeMethodAccessorImpl.invoke0(Native Method)
	at java.base/jdk.internal.reflect.NativeMethodAccessorImpl.invoke(NativeMethodAccessorImpl.java:77)
	at java.base/jdk.internal.reflect.DelegatingMethodAccessorImpl.invoke(DelegatingMethodAccessorImpl.java:43)
	at java.base/java.lang.reflect.Method.invoke(Method.java:568)
	at org.codehaus.mojo.exec.ExecJavaMojo$1.run(ExecJavaMojo.java:282)
	at java.base/java.lang.Thread.run(Thread.java:833)
]]>
    </failure>
  </testcase> <!-- @BeforeClass setup -->
  <testcase classname="com.wfm.tests.web.FRCTest" name="Retailer_accepts_rejects_WO_PRM" time="0.0">
    <skipped/>
  </testcase> <!-- Retailer_accepts_rejects_WO_PRM -->
  <testcase classname="com.wfm.tests.web.FRCTest" name="subcontractor_no_response" time="0.0">
    <skipped/>
  </testcase> <!-- subcontractor_no_response -->
  <testcase classname="com.wfm.tests.web.FRCTest" name="perform_hit" time="0.0">
    <skipped/>
  </testcase> <!-- perform_hit -->
  <testcase classname="com.wfm.tests.web.FRCTest" name="reschedule_assigned_pending_appointment_no_capacity" time="0.0">
    <skipped/>
  </testcase> <!-- reschedule_assigned_pending_appointment_no_capacity -->
  <testcase classname="com.wfm.tests.web.FRCTest" name="create_a_tech_calendar" time="0.0">
    <skipped/>
  </testcase> <!-- create_a_tech_calendar -->
  <testcase classname="com.wfm.tests.web.FRCTest" name="moving_work_order_drag_and_drop" time="0.0">
    <skipped/>
  </testcase> <!-- moving_work_order_drag_and_drop -->
  <testcase classname="com.wfm.tests.web.FRCTest" name="manually_assign_appointment_to_tech_in_different_CAR" time="0.0">
    <skipped/>
  </testcase> <!-- manually_assign_appointment_to_tech_in_different_CAR -->
  <testcase classname="com.wfm.tests.web.FRCTest" name="manually_assign_appointment_to_different_DISHOffice" time="0.0">
    <skipped/>
  </testcase> <!-- manually_assign_appointment_to_different_DISHOffice -->
  <testcase classname="com.wfm.tests.web.FRCTest" name="assign_work_order_to_sub_technician" time="0.0">
    <skipped/>
  </testcase> <!-- assign_work_order_to_sub_technician -->
  <testcase classname="com.wfm.tests.web.FRCTest" name="assign_work_order_to_rsp_technician" time="0.0">
    <skipped/>
  </testcase> <!-- assign_work_order_to_rsp_technician -->
  <testcase classname="com.wfm.tests.web.FRCTest" name="manually_assign_cloned_appointment" time="0.0">
    <skipped/>
  </testcase> <!-- manually_assign_cloned_appointment -->
  <testcase classname="com.wfm.tests.web.FRCTest" name="manually_assign_multiple_appointments" time="0.0">
    <skipped/>
  </testcase> <!-- manually_assign_multiple_appointments -->
  <testcase classname="com.wfm.tests.web.FRCTest" name="run_custom_report_utilized_equipment_report" time="0.0">
    <skipped/>
  </testcase> <!-- run_custom_report_utilized_equipment_report -->
  <testcase classname="com.wfm.tests.web.FRCTest" name="cannot_select_all" time="0.0">
    <skipped/>
  </testcase> <!-- cannot_select_all -->
  <testcase classname="com.wfm.tests.web.FRCTest" name="select_all_count" time="0.0">
    <skipped/>
  </testcase> <!-- select_all_count -->
  <testcase classname="com.wfm.tests.web.FRCTest" name="list_View_Dispatcher_Notes_Hint" time="0.0">
    <skipped/>
  </testcase> <!-- list_View_Dispatcher_Notes_Hint -->
  <testcase classname="com.wfm.tests.web.FRCTest" name="show_Percentage_of_Quota_displaying" time="0.0">
    <skipped/>
  </testcase> <!-- show_Percentage_of_Quota_displaying -->
  <testcase classname="com.wfm.tests.web.FRCTest" name="verify_activities_color" time="0.0">
    <skipped/>
  </testcase> <!-- verify_activities_color -->
  <testcase classname="com.wfm.tests.web.FRCTest" name="both_Phone1_and_Phone2_numbers_changes" time="0.0">
    <skipped/>
  </testcase> <!-- both_Phone1_and_Phone2_numbers_changes -->
  <testcase classname="com.wfm.tests.web.FRCTest" name="only_Phone2_number_changes" time="0.0">
    <skipped/>
  </testcase> <!-- only_Phone2_number_changes -->
  <testcase classname="com.wfm.tests.web.FRCTest" name="both_Phone1_and_Phone2_numbers_and_type_changes" time="0.0">
    <skipped/>
  </testcase> <!-- both_Phone1_and_Phone2_numbers_and_type_changes -->
  <testcase classname="com.wfm.tests.web.FRCTest" name="email_address_changes" time="0.0">
    <skipped/>
  </testcase> <!-- email_address_changes -->
  <testcase classname="com.wfm.tests.web.FRCTest" name="editable_customer_info" time="0.0">
    <skipped/>
  </testcase> <!-- editable_customer_info -->
  <testcase classname="com.wfm.tests.web.FRCTest" name="unableToScrollInDetailsView" time="0.0">
    <skipped/>
  </testcase> <!-- unableToScrollInDetailsView -->
  <testcase classname="com.wfm.tests.web.FRCTest" name="AMPM_Processes_Show_Up_On_Results" time="0.0">
    <skipped/>
  </testcase> <!-- AMPM_Processes_Show_Up_On_Results -->
  <testcase classname="com.wfm.tests.web.FRCTest" name="quota_history_displayed_and_exported_in_selected_units_of_measurement" time="0.0">
    <skipped/>
  </testcase> <!-- quota_history_displayed_and_exported_in_selected_units_of_measurement -->
  <testcase classname="com.wfm.tests.web.FRCTest" name="inactive_technican_route_display_intimeview" time="0.0">
    <skipped/>
  </testcase> <!-- inactive_technican_route_display_intimeview -->
  <testcase classname="com.wfm.tests.web.FRCTest" name="quota_map_screen_implemented" time="0.0">
    <skipped/>
  </testcase> <!-- quota_map_screen_implemented -->
  <testcase classname="com.wfm.tests.web.FRCTest" name="quota_Closing_Days_Before" time="0.0">
    <skipped/>
  </testcase> <!-- quota_Closing_Days_Before -->
  <testcase classname="com.wfm.tests.web.FRCTest" name="invalid_check_box_removal" time="0.0">
    <skipped/>
  </testcase> <!-- invalid_check_box_removal -->
  <testcase classname="com.wfm.tests.web.FRCTest" name="ensure_spaces_between_data_in_work_order_search" time="0.0">
    <skipped/>
  </testcase> <!-- ensure_spaces_between_data_in_work_order_search -->
  <testcase classname="com.wfm.tests.web.FRCTest" name="search_pastActivities_No_Longer_Results_BlankScreen" time="0.0">
    <skipped/>
  </testcase> <!-- search_pastActivities_No_Longer_Results_BlankScreen -->
  <testcase classname="com.wfm.tests.web.FRCTest" name="activity_Move_in_Map_View_Improved_FRC" time="0.0">
    <skipped/>
  </testcase> <!-- activity_Move_in_Map_View_Improved_FRC -->
  <testcase classname="com.wfm.tests.web.FRCTest" name="resource_name_sort_logic" time="0.0">
    <skipped/>
  </testcase> <!-- resource_name_sort_logic -->
  <testcase classname="com.wfm.tests.web.FRCTest" name="dispatcher_reschedule_assigned_pending_appointment" time="0.0">
    <skipped/>
  </testcase> <!-- dispatcher_reschedule_assigned_pending_appointment -->
  <testcase classname="com.wfm.tests.web.FRCTest" name="ensure_selectTechnician_option_in_map_view" time="0.001">
    <skipped/>
  </testcase> <!-- ensure_selectTechnician_option_in_map_view -->
  <testcase classname="com.wfm.tests.web.FRCTest" name="add_appointment_to_tech" time="0.0">
    <skipped/>
  </testcase> <!-- add_appointment_to_tech -->
  <testcase classname="com.wfm.tests.web.FRCTest" name="suspend_appointment" time="0.0">
    <skipped/>
  </testcase> <!-- suspend_appointment -->
  <testcase classname="com.wfm.tests.web.FRCTest" name="complete_appointment_from_manage" time="0.0">
    <skipped/>
  </testcase> <!-- complete_appointment_from_manage -->
  <testcase classname="com.wfm.tests.web.FRCTest" name="reassign_suspended_appointment_to_different_technician" time="0.0">
    <skipped/>
  </testcase> <!-- reassign_suspended_appointment_to_different_technician -->
  <testcase classname="com.wfm.tests.web.FRCTest" name="reschedule_pending_activity" time="0.0">
    <skipped/>
  </testcase> <!-- reschedule_pending_activity -->
  <testcase classname="com.wfm.tests.web.FRCTest" name="time_view_Displays_Resources_Selected_Bucket" time="0.0">
    <skipped/>
  </testcase> <!-- time_view_Displays_Resources_Selected_Bucket -->
  <testcase classname="com.wfm.tests.web.FRCTest" name="past_Activities_Shown_Properly" time="0.0">
    <skipped/>
  </testcase> <!-- past_Activities_Shown_Properly -->
  <testcase classname="com.wfm.tests.web.FRCTest" name="mapHintNoLongerDuplicated" time="0.0">
    <skipped/>
  </testcase> <!-- mapHintNoLongerDuplicated -->
  <testcase classname="com.wfm.tests.web.FRCTest" name="No_cancel_option_for_FRC_user_AMProcess" time="0.0">
    <skipped/>
  </testcase> <!-- No_cancel_option_for_FRC_user_AMProcess -->
  <testcase classname="com.wfm.tests.web.FRCTest" name="massActivityCheckbox" time="0.0">
    <skipped/>
  </testcase> <!-- massActivityCheckbox -->
  <testcase classname="com.wfm.tests.web.FRCTest" name="mvdds_a_site" time="0.0">
    <skipped/>
  </testcase> <!-- mvdds_a_site -->
  <testcase classname="com.wfm.tests.web.FRCTest" name="mvdds_b_site" time="0.0">
    <skipped/>
  </testcase> <!-- mvdds_b_site -->
  <testcase classname="com.wfm.tests.web.FRCTest" name="finding_specific_workskills" time="0.0">
    <skipped/>
  </testcase> <!-- finding_specific_workskills -->
  <testcase classname="com.wfm.tests.web.FRCTest" name="move_work_order_to_another_car_verify_move_reason" time="0.0">
    <skipped/>
  </testcase> <!-- move_work_order_to_another_car_verify_move_reason -->
  <testcase classname="com.wfm.tests.web.FRCTest" name="move_work_order_to_tech_verify_move_reasons" time="0.0">
    <skipped/>
  </testcase> <!-- move_work_order_to_tech_verify_move_reasons -->
  <testcase classname="com.wfm.tests.web.FRCTest" name="move_work_order_tech_to_tech_verify_move_reasons" time="0.0">
    <skipped/>
  </testcase> <!-- move_work_order_tech_to_tech_verify_move_reasons -->
  <testcase classname="com.wfm.tests.web.FRCTest" name="move_work_order_from_tech_to_car_verify_move_reasons" time="0.0">
    <skipped/>
  </testcase> <!-- move_work_order_from_tech_to_car_verify_move_reasons -->
  <testcase classname="com.wfm.tests.web.FRCTest" name="move_work_order_to_another_car_verify_move_reason_with_frcquota_ut" time="0.0">
    <skipped/>
  </testcase> <!-- move_work_order_to_another_car_verify_move_reason_with_frcquota_ut -->
  <testcase classname="com.wfm.tests.web.FRCTest" name="move_work_order_to_tech_verify_move_reasons_with_frcquota_ut" time="0.0">
    <skipped/>
  </testcase> <!-- move_work_order_to_tech_verify_move_reasons_with_frcquota_ut -->
  <testcase classname="com.wfm.tests.web.FRCTest" name="move_work_order_tech_to_tech_verify_move_reasons_with_frcquota_ut" time="0.0">
    <skipped/>
  </testcase> <!-- move_work_order_tech_to_tech_verify_move_reasons_with_frcquota_ut -->
  <testcase classname="com.wfm.tests.web.FRCTest" name="move_work_order_from_tech_to_car_verify_move_reasons_with_frcquota_ut" time="0.0">
    <skipped/>
  </testcase> <!-- move_work_order_from_tech_to_car_verify_move_reasons_with_frcquota_ut -->
  <testcase classname="com.wfm.tests.web.FRCTest" name="screen_navigation_improvement" time="0.0">
    <skipped/>
  </testcase> <!-- screen_navigation_improvement -->
  <testcase classname="com.wfm.tests.web.FRCTest" name="screen_navigation_improvement_frc_w_DishQuota_UT" time="0.0">
    <skipped/>
  </testcase> <!-- screen_navigation_improvement_frc_w_DishQuota_UT -->
  <testcase classname="com.wfm.tests.web.FRCTest" name="week_starts_on_displayed" time="0.0">
    <ignored/>
  </testcase> <!-- week_starts_on_displayed -->
  <testcase classname="com.wfm.tests.web.FRCTest" name="modify_pending_assigned_appointment_beacon" time="0.0">
    <ignored/>
  </testcase> <!-- modify_pending_assigned_appointment_beacon -->
  <testcase classname="com.wfm.tests.web.FRCTest" name="not_done_reschedule_appointMent_beacon" time="0.0">
    <ignored/>
  </testcase> <!-- not_done_reschedule_appointMent_beacon -->
  <testcase classname="com.wfm.tests.web.FRCTest" name="not_done_clone_appointMent" time="0.0">
    <ignored/>
  </testcase> <!-- not_done_clone_appointMent -->
  <testcase classname="com.wfm.tests.web.FRCTest" name="scroll_Added_for_Activity_Details" time="0.0">
    <ignored/>
  </testcase> <!-- scroll_Added_for_Activity_Details -->
  <testcase classname="com.wfm.tests.web.FRCTest" name="technicians_being_alphabetized_in_TimeView" time="0.0">
    <ignored/>
  </testcase> <!-- technicians_being_alphabetized_in_TimeView -->
  <testcase classname="com.wfm.tests.web.FRCTest" name="reschedule_through_beacon" time="0.0">
    <ignored/>
  </testcase> <!-- reschedule_through_beacon -->
  <testcase classname="com.wfm.tests.web.FRCTest" name="list_view_cr_customcolumns" time="0.0">
    <ignored/>
  </testcase> <!-- list_view_cr_customcolumns -->
</testsuite> <!-- FRCTest -->
