<?xml version="1.0" encoding="UTF-8"?>
<!-- Generated by org.testng.reporters.JUnitXMLReporter -->
<testsuite ignored="0" hostname="XAV-601000685" failures="0" tests="12" name="IHSManagerTest" time="1.528" errors="0" timestamp="20 Mar 2023 07:11:31 GMT">
  <testcase classname="com.wfm.core.BaseConfiguration" name="@BeforeClass setup" time="1.513">
    <failure type="org.openqa.selenium.WebDriverException" message="Cannot invoke &amp;quot;Object.toString()&amp;quot; because &amp;quot;driver&amp;quot; is null
Build info: version: &amp;apos;3.14.0&amp;apos;, revision: &amp;apos;aacccce0&amp;apos;, time: &amp;apos;2018-08-02T20:19:58.91Z&amp;apos;
System info: host: &amp;apos;XAV-601000685&amp;apos;, ip: &amp;apos;192.168.29.127&amp;apos;, os.name: &amp;apos;Windows 10&amp;apos;, os.arch: &amp;apos;amd64&amp;apos;, os.version: &amp;apos;10.0&amp;apos;, java.version: &amp;apos;17.0.3&amp;apos;
Driver info: driver.version: unknown">
      <![CDATA[org.openqa.selenium.WebDriverException: Cannot invoke "Object.toString()" because "driver" is null
Build info: version: '3.14.0', revision: 'aacccce0', time: '2018-08-02T20:19:58.91Z'
System info: host: 'XAV-601000685', ip: '192.168.29.127', os.name: 'Windows 10', os.arch: 'amd64', os.version: '10.0', java.version: '17.0.3'
Driver info: driver.version: unknown
	at com.wfm.core.BaseConfiguration.setup(BaseConfiguration.java:87)
	at java.base/jdk.internal.reflect.NativeMethodAccessorImpl.invoke0(Native Method)
	at java.base/jdk.internal.reflect.NativeMethodAccessorImpl.invoke(NativeMethodAccessorImpl.java:77)
	at java.base/jdk.internal.reflect.DelegatingMethodAccessorImpl.invoke(DelegatingMethodAccessorImpl.java:43)
	at java.base/java.lang.reflect.Method.invoke(Method.java:568)
	at org.testng.internal.MethodInvocationHelper.invokeMethod(MethodInvocationHelper.java:108)
	at org.testng.internal.Invoker.invokeConfigurationMethod(Invoker.java:523)
	at org.testng.internal.Invoker.invokeConfigurations(Invoker.java:224)
	at org.testng.internal.Invoker.invokeConfigurations(Invoker.java:146)
	at org.testng.internal.TestMethodWorker.invokeBeforeClassMethods(TestMethodWorker.java:166)
	at org.testng.internal.TestMethodWorker.run(TestMethodWorker.java:105)
	at org.testng.TestRunner.privateRun(TestRunner.java:744)
	at org.testng.TestRunner.run(TestRunner.java:602)
	at org.testng.SuiteRunner.runTest(SuiteRunner.java:380)
	at org.testng.SuiteRunner.runSequentially(SuiteRunner.java:375)
	at org.testng.SuiteRunner.privateRun(SuiteRunner.java:340)
	at org.testng.SuiteRunner.run(SuiteRunner.java:289)
	at org.testng.SuiteRunnerWorker.runSuite(SuiteRunnerWorker.java:52)
	at org.testng.SuiteRunnerWorker.run(SuiteRunnerWorker.java:86)
	at org.testng.TestNG.runSuitesSequentially(TestNG.java:1301)
	at org.testng.TestNG.runSuitesLocally(TestNG.java:1226)
	at org.testng.TestNG.runSuites(TestNG.java:1144)
	at org.testng.TestNG.run(TestNG.java:1115)
	at com.wfm.core.DynamicSuiteRunner.genrateTestNGAndRun(DynamicSuiteRunner.java:180)
	at com.wfm.core.DynamicSuiteRunner.main(DynamicSuiteRunner.java:66)
	at java.base/jdk.internal.reflect.NativeMethodAccessorImpl.invoke0(Native Method)
	at java.base/jdk.internal.reflect.NativeMethodAccessorImpl.invoke(NativeMethodAccessorImpl.java:77)
	at java.base/jdk.internal.reflect.DelegatingMethodAccessorImpl.invoke(DelegatingMethodAccessorImpl.java:43)
	at java.base/java.lang.reflect.Method.invoke(Method.java:568)
	at org.codehaus.mojo.exec.ExecJavaMojo$1.run(ExecJavaMojo.java:282)
	at java.base/java.lang.Thread.run(Thread.java:833)
]]>
    </failure>
  </testcase> <!-- @BeforeClass setup -->
  <testcase classname="com.wfm.tests.web.IHSManagerTest" name="formatting_of_data_into_tables_in_manage" time="0.0">
    <skipped/>
  </testcase> <!-- formatting_of_data_into_tables_in_manage -->
  <testcase classname="com.wfm.tests.web.IHSManagerTest" name="mass_repeating_and_shift_activities_shown_on_time_view" time="0.0">
    <skipped/>
  </testcase> <!-- mass_repeating_and_shift_activities_shown_on_time_view -->
  <testcase classname="com.wfm.tests.web.IHSManagerTest" name="ensure_spaces_between_data_in_work_order_search" time="0.0">
    <skipped/>
  </testcase> <!-- ensure_spaces_between_data_in_work_order_search -->
  <testcase classname="com.wfm.tests.web.IHSManagerTest" name="create_a_tech_calendar" time="0.0">
    <skipped/>
  </testcase> <!-- create_a_tech_calendar -->
  <testcase classname="com.wfm.tests.web.IHSManagerTest" name="resources_shown_properly_on_map_view" time="0.0">
    <skipped/>
  </testcase> <!-- resources_shown_properly_on_map_view -->
  <testcase classname="com.wfm.tests.web.IHSManagerTest" name="validateNoPasswordChangeInMobilityView" time="0.0">
    <skipped/>
  </testcase> <!-- validateNoPasswordChangeInMobilityView -->
  <testcase classname="com.wfm.tests.web.IHSManagerTest" name="clearing_group_names" time="0.0">
    <skipped/>
  </testcase> <!-- clearing_group_names -->
  <testcase classname="com.wfm.tests.web.IHSManagerTest" name="screen_navigation_improvement" time="0.0">
    <skipped/>
  </testcase> <!-- screen_navigation_improvement -->
  <testcase classname="com.wfm.tests.web.IHSManagerTest" name="move_work_order_to_another_car_verify_move_reason" time="0.0">
    <skipped/>
  </testcase> <!-- move_work_order_to_another_car_verify_move_reason -->
  <testcase classname="com.wfm.tests.web.IHSManagerTest" name="move_work_order_to_tech_verify_move_reasons" time="0.0">
    <skipped/>
  </testcase> <!-- move_work_order_to_tech_verify_move_reasons -->
  <testcase classname="com.wfm.tests.web.IHSManagerTest" name="move_work_order_tech_to_tech_verify_move_reasons" time="0.0">
    <skipped/>
  </testcase> <!-- move_work_order_tech_to_tech_verify_move_reasons -->
  <testcase classname="com.wfm.tests.web.IHSManagerTest" name="move_work_order_from_tech_to_car_verify_move_reasons" time="0.0">
    <skipped/>
  </testcase> <!-- move_work_order_from_tech_to_car_verify_move_reasons -->
</testsuite> <!-- IHSManagerTest -->
